<?xml version="1.0" encoding="UTF-8"?>
<robot generator="Robot 4.1.3 (Python 3.10.1 on win32)" generated="20220219 12:56:50.374" rpa="false" schemaversion="2">
<suite id="s1" name="S4" source="E:\API\Testcase\S4.robot">
<test id="s1-t1" name="TC_Post_Request-Update">
<kw name="Create Session" library="RequestsLibrary">
<arg>AddData</arg>
<arg>${API_Base}</arg>
<arg>verify=true</arg>
<doc>Create Session: create a HTTP session to a server</doc>
<msg timestamp="20220219 12:56:50.761" level="INFO">Creating Session using : alias=AddData, url=https://reqres.in/, headers={},                     cookies={}, auth=None, timeout=None, proxies=None, verify=True,                     debug=0 </msg>
<status status="PASS" starttime="20220219 12:56:50.761" endtime="20220219 12:56:50.761"/>
</kw>
<kw name="Create Dictionary" library="BuiltIn">
<var>${body}</var>
<arg>name=morpheus</arg>
<arg>job=leader</arg>
<arg>email=morpheus@gmail.com</arg>
<doc>Creates and returns a dictionary based on the given ``items``.</doc>
<msg timestamp="20220219 12:56:50.763" level="INFO">${body} = {'name': 'morpheus', 'job': 'leader', 'email': 'morpheus@gmail.com'}</msg>
<status status="PASS" starttime="20220219 12:56:50.762" endtime="20220219 12:56:50.763"/>
</kw>
<kw name="Create Dictionary" library="BuiltIn">
<var>${header}</var>
<arg>Content-Type=application/json</arg>
<arg>Accept=application/json</arg>
<doc>Creates and returns a dictionary based on the given ``items``.</doc>
<msg timestamp="20220219 12:56:50.763" level="INFO">${header} = {'Content-Type': 'application/json', 'Accept': 'application/json'}</msg>
<status status="PASS" starttime="20220219 12:56:50.763" endtime="20220219 12:56:50.763"/>
</kw>
<kw name="POST On Session" library="RequestsLibrary">
<var>${Response}</var>
<arg>AddData</arg>
<arg>${API_Base}api/users</arg>
<arg>data=${body}</arg>
<doc>Sends a POST request on a previously created HTTP Session.</doc>
<msg timestamp="20220219 12:56:51.294" level="INFO">POST Request : url=https://reqres.in/api/users 
 path_url=/api/users 
 headers={'User-Agent': 'python-requests/2.27.1', 'Accept-Encoding': 'gzip, deflate', 'Accept': '*/*', 'Connection': 'keep-alive', 'Content-Length': '51', 'Content-Type': 'application/x-www-form-urlencoded'} 
 body=name=morpheus&amp;job=leader&amp;email=morpheus%40gmail.com 
 </msg>
<msg timestamp="20220219 12:56:51.295" level="INFO">POST Response : url=https://reqres.in/api/users 
 status=201, reason=Created 
 headers={'Date': 'Sat, 19 Feb 2022 09:27:43 GMT', 'Content-Type': 'application/json; charset=utf-8', 'Content-Length': '113', 'Connection': 'keep-alive', 'X-Powered-By': 'Express', 'Access-Control-Allow-Origin': '*', 'Etag': 'W/"71-QFkWMuo2q7nI6EcAGeBmcyWbDGo"', 'Via': '1.1 vegur', 'CF-Cache-Status': 'DYNAMIC', 'Expect-CT': 'max-age=604800, report-uri="https://report-uri.cloudflare.com/cdn-cgi/beacon/expect-ct"', 'Report-To': '{"endpoints":[{"url":"https:\\/\\/a.nel.cloudflare.com\\/report\\/v3?s=iRKFPAlUu%2FFx8UMMknyP0%2Fy9KX6HBFpO0S2dGI4AERZSE6beaTkWS2uwC8SbJf%2FC8mMi6xN5VH7ZHbbeOKSDlS%2BzVDgWsEmuqBOaiONQ48U5e13MeyCRrqfJmcA%3D"}],"group":"cf-nel","max_age":604800}', 'NEL': '{"success_fraction":0,"report_to":"cf-nel","max_age":604800}', 'Server': 'cloudflare', 'CF-RAY': '6dfe7600bbca91d2-FRA', 'alt-svc': 'h3=":443"; ma=86400, h3-29=":443"; ma=86400'} 
 body={"name":"morpheus","job":"leader","email":"morpheus@gmail.com","id":"315","createdAt":"2022-02-19T09:27:43.522Z"} 
 </msg>
<msg timestamp="20220219 12:56:51.295" level="INFO">${Response} = &lt;Response [201]&gt;</msg>
<status status="PASS" starttime="20220219 12:56:50.763" endtime="20220219 12:56:51.295"/>
</kw>
<kw name="Should Be Equal As Strings" library="BuiltIn">
<arg>${Response.status_code}</arg>
<arg>201</arg>
<doc>Fails if objects are unequal after converting them to strings.</doc>
<msg timestamp="20220219 12:56:51.299" level="INFO">Argument types are:
&lt;class 'int'&gt;
&lt;type 'unicode'&gt;</msg>
<status status="PASS" starttime="20220219 12:56:51.297" endtime="20220219 12:56:51.299"/>
</kw>
<kw name="Get Value From Json" library="JSONLibrary">
<var>${NameValue}</var>
<arg>${response.json()}</arg>
<arg>$.name</arg>
<doc>Get Value From JSON using JSONPath</doc>
<msg timestamp="20220219 12:56:51.326" level="INFO">${NameValue} = ['morpheus']</msg>
<status status="PASS" starttime="20220219 12:56:51.300" endtime="20220219 12:56:51.327"/>
</kw>
<kw name="Set Variable" library="BuiltIn">
<var>${name_update}</var>
<arg>david</arg>
<doc>Returns the given values which can then be assigned to a variables.</doc>
<msg timestamp="20220219 12:56:51.328" level="INFO">${name_update} = david</msg>
<status status="PASS" starttime="20220219 12:56:51.327" endtime="20220219 12:56:51.328"/>
</kw>
<kw name="Update Value To Json" library="JSONLibrary">
<var>${response.json()}</var>
<arg>${response.json()}</arg>
<arg>$.name</arg>
<arg>${name_update}</arg>
<doc>Update value to JSON using JSONPath</doc>
<msg timestamp="20220219 12:56:51.354" level="INFO">${response.json()} = {'name': 'david', 'job': 'leader', 'email': 'morpheus@gmail.com', 'id': '315', 'createdAt': '2022-02-19T09:27:43.522Z'}</msg>
<status status="PASS" starttime="20220219 12:56:51.328" endtime="20220219 12:56:51.354"/>
</kw>
<kw name="Get Value From Json" library="JSONLibrary">
<var>${emailValue}</var>
<arg>${response.json()}</arg>
<arg>$.email</arg>
<doc>Get Value From JSON using JSONPath</doc>
<msg timestamp="20220219 12:56:51.372" level="INFO">${emailValue} = ['morpheus@gmail.com']</msg>
<status status="PASS" starttime="20220219 12:56:51.355" endtime="20220219 12:56:51.372"/>
</kw>
<kw name="Set Variable" library="BuiltIn">
<var>${email_update}</var>
<arg>david@gmail.com</arg>
<doc>Returns the given values which can then be assigned to a variables.</doc>
<msg timestamp="20220219 12:56:51.374" level="INFO">${email_update} = david@gmail.com</msg>
<status status="PASS" starttime="20220219 12:56:51.373" endtime="20220219 12:56:51.374"/>
</kw>
<kw name="Update Value To Json" library="JSONLibrary">
<var>${response.json()}</var>
<arg>${response.json()}</arg>
<arg>$.email</arg>
<arg>${email_update}</arg>
<doc>Update value to JSON using JSONPath</doc>
<msg timestamp="20220219 12:56:51.401" level="INFO">${response.json()} = {'name': 'david', 'job': 'leader', 'email': 'david@gmail.com', 'id': '315', 'createdAt': '2022-02-19T09:27:43.522Z'}</msg>
<status status="PASS" starttime="20220219 12:56:51.374" endtime="20220219 12:56:51.402"/>
</kw>
<kw name="Get Length" library="BuiltIn">
<var>${length}</var>
<arg>${response.json()}[id]</arg>
<doc>Returns and logs the length of the given item as an integer.</doc>
<msg timestamp="20220219 12:56:51.403" level="INFO">Length is 3</msg>
<msg timestamp="20220219 12:56:51.403" level="INFO">${length} = 3</msg>
<status status="PASS" starttime="20220219 12:56:51.403" endtime="20220219 12:56:51.403"/>
</kw>
<kw name="Should Be Equal As Integers" library="BuiltIn">
<arg>3</arg>
<arg>${length}</arg>
<doc>Fails if objects are unequal after converting them to integers.</doc>
<msg timestamp="20220219 12:56:51.403" level="INFO">Argument types are:
&lt;type 'unicode'&gt;
&lt;class 'int'&gt;</msg>
<status status="PASS" starttime="20220219 12:56:51.403" endtime="20220219 12:56:51.403"/>
</kw>
<kw name="Log To Console" library="BuiltIn">
<arg>${response.json()}</arg>
<doc>Logs the given message to the console.</doc>
<status status="PASS" starttime="20220219 12:56:51.404" endtime="20220219 12:56:51.404"/>
</kw>
<kw name="Change Date To Jalali" library="Times">
<var>${jalali}</var>
<arg>date=${response.json()}[createdAt]</arg>
<msg timestamp="20220219 12:56:51.404" level="INFO">${jalali} = 1400-11-30T09:27:43.522Z</msg>
<status status="PASS" starttime="20220219 12:56:51.404" endtime="20220219 12:56:51.404"/>
</kw>
<kw name="Log To Console" library="BuiltIn">
<arg>output:${SPACE}${SPACE}${jalali}</arg>
<doc>Logs the given message to the console.</doc>
<status status="PASS" starttime="20220219 12:56:51.406" endtime="20220219 12:56:51.406"/>
</kw>
<status status="PASS" starttime="20220219 12:56:50.760" endtime="20220219 12:56:51.406"/>
</test>
<doc>A Post Request to Update Value</doc>
<status status="PASS" starttime="20220219 12:56:50.376" endtime="20220219 12:56:51.408"/>
</suite>
<statistics>
<total>
<stat pass="1" fail="0" skip="0">All Tests</stat>
</total>
<tag>
</tag>
<suite>
<stat pass="1" fail="0" skip="0" id="s1" name="S4">S4</stat>
</suite>
</statistics>
<errors>
</errors>
</robot>
